Line 123: Class MSAdodcLib.Adodc of control Adodc1 was not a loaded control class.
Line 179: Class MSComCtl2.DTPicker of control DTPicker1 was not a loaded control class.
Line 129: The property name _ExtentX in Adodc1 is invalid.
Line 130: The property name _ExtentY in Adodc1 is invalid.
Line 131: The property name ConnectMode in Adodc1 is invalid.
Line 132: The property name CursorLocation in Adodc1 is invalid.
Line 133: The property name IsolationLevel in Adodc1 is invalid.
Line 134: The property name ConnectionTimeout in Adodc1 is invalid.
Line 135: The property name CommandTimeout in Adodc1 is invalid.
Line 136: The property name CursorType in Adodc1 is invalid.
Line 137: The property name LockType in Adodc1 is invalid.
Line 138: The property name CommandType in Adodc1 is invalid.
Line 139: The property name CursorOptions in Adodc1 is invalid.
Line 140: The property name CacheSize in Adodc1 is invalid.
Line 141: The property name MaxRecords in Adodc1 is invalid.
Line 142: The property name BOFAction in Adodc1 is invalid.
Line 143: The property name EOFAction in Adodc1 is invalid.
Line 144: The property name ConnectStringType in Adodc1 is invalid.
Line 148: The property name Orientation in Adodc1 is invalid.
Line 150: The property name Connect in Adodc1 is invalid.
Line 151: The property name OLEDBString in Adodc1 is invalid.
Line 152: The property name OLEDBFile in Adodc1 is invalid.
Line 153: The property name DataSourceName in Adodc1 is invalid.
Line 154: The property name OtherAttributes in Adodc1 is invalid.
Line 155: The property name UserName in Adodc1 is invalid.
Line 156: The property name Password in Adodc1 is invalid.
Line 157: The property name RecordSource in Adodc1 is invalid.
Line 158: The property name Caption in Adodc1 is invalid.
Line 168: The property name _Version in Adodc1 is invalid.
Line 185: The property name _ExtentX in DTPicker1 is invalid.
Line 186: The property name _ExtentY in DTPicker1 is invalid.
Line 187: The property name _Version in DTPicker1 is invalid.
Line 188: The property name Format in DTPicker1 is invalid.
Line 189: The property name CurrentDate in DTPicker1 is invalid.
